GET /favicon.ico 404 150 - 15.164 ms
POST /api/user/login 200 226 - 473.106 ms
GET /api/user/get-all-approved-doctors 200 481 - 18.130 ms
POST /api/user/get-user-info-by-id 200 686 - 16.246 ms
POST /api/user/login 200 49 - 10.151 ms
POST /api/user/login 200 226 - 374.579 ms
GET /api/user/get-all-approved-doctors 304 - - 10.246 ms
GET /api/admin/get-all-users 200 3311 - 18.794 ms
GET /api/admin/get-all-doctors 200 922 - 8.179 ms
GET /api/user/get-all-approved-doctors 304 - - 10.036 ms
POST /api/user/get-user-info-by-id 200 686 - 7.761 ms
POST /api/user/login 200 226 - 230.438 ms
GET /api/user/get-all-approved-doctors 304 - - 10.999 ms
GET /api/user/get-all-approved-doctors 304 - - 11.209 ms
POST /api/user/get-user-info-by-id 200 686 - 11.725 ms
GET /api/admin/get-all-doctors 200 922 - 12.055 ms
POST /api/user/get-user-info-by-id 401 41 - 6.133 ms
POST /api/user/login 200 226 - 295.637 ms
POST /api/user/register 200 49 - 15.961 ms
POST /api/user/register 200 54 - 893.601 ms
POST /api/user/login 200 226 - 431.668 ms
GET /api/user/get-all-approved-doctors 200 67 - 241.074 ms
POST /api/user/get-user-info-by-id 200 285 - 235.204 ms
GET /api/admin/get-all-users 200 400 - 237.878 ms
GET /api/admin/get-all-doctors 200 67 - 211.164 ms
GET /api/admin/get-all-appointments 200 72 - 235.454 ms
GET /api/admin/get-all-users 304 - - 217.407 ms
GET /api/admin/get-all-users 304 - - 214.444 ms
POST /api/user/get-user-info-by-id 200 285 - 220.382 ms
