GET /api/user/get-all-approved-doctors 304 - - 17.957 ms
GET /api/user/get-all-approved-doctors 304 - - 10.335 ms
POST /api/user/get-user-info-by-id 200 289 - 11.355 ms
POST /api/user/register 200 54 - 279.326 ms
POST /api/user/login 200 226 - 290.089 ms
GET /api/user/get-all-approved-doctors 304 - - 14.367 ms
POST /api/user/get-user-info-by-id 200 286 - 7.841 ms
GET /api/user/get-all-approved-doctors 304 - - 9.553 ms
POST /api/doctor/get-doctor-info-by-id 200 510 - 19.999 ms
POST /api/user/check-booking-availability 200 51 - 31.594 ms
POST /api/user/book-appointment 200 60 - 55.816 ms
GET /api/user/get-appointments-by-user-id 200 1082 - 16.075 ms
POST /api/user/apply-doctor-account 200 64 - 31.113 ms
GET /api/user/get-all-approved-doctors 304 - - 11.155 ms
POST /api/user/login 200 226 - 224.981 ms
GET /api/user/get-all-approved-doctors 304 - - 13.948 ms
GET /api/user/get-all-approved-doctors 304 - - 22.860 ms
POST /api/user/get-user-info-by-id 200 686 - 25.323 ms
GET /api/user/get-all-approved-doctors 304 - - 10.441 ms
GET /api/admin/get-all-users 200 3075 - 12.222 ms
GET /api/admin/get-all-doctors 200 922 - 9.997 ms
PUT /api/admin/change-account-doctor-status 200 512 - 33.726 ms
GET /api/admin/get-all-doctors 200 921 - 15.091 ms
PUT /api/admin/change-account-doctor-status 200 484 - 27.375 ms
GET /api/admin/get-all-doctors 200 922 - 12.572 ms
GET /api/admin/get-all-appointments 200 3151 - 11.439 ms
POST /api/user/login 200 226 - 378.380 ms
GET /api/user/get-all-approved-doctors 200 481 - 3.791 ms
GET /api/user/get-all-approved-doctors 304 - - 7.954 ms
POST /api/user/get-user-info-by-id 200 540 - 9.189 ms
