GET /api/admin/get-all-doctors 304 - - 242.282 ms
GET /api/admin/get-all-users 304 - - 223.209 ms
GET /api/admin/get-all-appointments 304 - - 289.399 ms
GET /api/user/get-all-approved-doctors 304 - - 277.933 ms
GET /api/user/get-all-approved-doctors 304 - - 245.703 ms
POST /api/user/get-user-info-by-id 200 285 - 234.561 ms
GET /api/admin/get-all-users 304 - - 305.440 ms
GET /api/admin/get-all-doctors 304 - - 265.600 ms
GET /api/user/get-all-approved-doctors 304 - - 258.810 ms
POST /api/user/get-user-info-by-id 200 285 - 361.358 ms
POST /api/user/get-user-info-by-id 200 285 - 266.573 ms
GET /api/user/get-all-approved-doctors 304 - - 274.697 ms
POST /api/user/get-user-info-by-id 401 41 - 5.072 ms
POST /api/user/login 200 49 - 239.808 ms
POST /api/user/login 200 226 - 508.000 ms
POST /api/user/get-user-info-by-id 401 41 - 0.369 ms
POST /api/user/login 200 49 - 279.620 ms
POST /api/user/login 200 49 - 235.446 ms
POST /api/user/login 200 49 - 224.701 ms
GET /api/user/get-all-approved-doctors 304 - - 260.902 ms
POST /api/user/get-user-info-by-id 200 285 - 245.880 ms
